This file contains any messages produced by compilers while
running configure, to aid debugging if configure makes a mistake.

It was created by servalrpc configure 0.1, which was
generated by GNU Autoconf 2.69.  Invocation command line was

  $ ./configure 

## --------- ##
## Platform. ##
## --------- ##

hostname = vdebian-artur
uname -m = x86_64
uname -r = 3.16.0-4-amd64
uname -s = Linux
uname -v = #1 SMP Debian 3.16.7-ckt25-2+deb8u3 (2016-07-02)

/usr/bin/uname -p = unknown
/bin/uname -X     = unknown

/bin/arch              = unknown
/usr/bin/arch -k       = unknown
/usr/convex/getsysinfo = unknown
/usr/bin/hostinfo      = unknown
/bin/machine           = unknown
/usr/bin/oslevel       = unknown
/bin/universe          = unknown

PATH: /usr/local/bin
PATH: /usr/bin
PATH: /bin
PATH: /usr/local/games
PATH: /usr/games
PATH: /sbin/
PATH: /usr/sbin/
PATH: /usr/local/sbin/


## ----------- ##
## Core tests. ##
## ----------- ##

configure:2312: checking for gcc
configure:2328: found /usr/bin/gcc
configure:2339: result: gcc
configure:2568: checking for C compiler version
configure:2577: gcc --version >&5
gcc (Debian 4.9.2-10) 4.9.2
Copyright (C) 2014 Free Software Foundation, Inc.
This is free software; see the source for copying conditions.  There is NO
warranty; not even for MERCHANTABILITY or FITNESS FOR A PARTICULAR PURPOSE.

configure:2588: $? = 0
configure:2577: gcc -v >&5
Using built-in specs.
COLLECT_GCC=gcc
COLLECT_LTO_WRAPPER=/usr/lib/gcc/x86_64-linux-gnu/4.9/lto-wrapper
Target: x86_64-linux-gnu
Configured with: ../src/configure -v --with-pkgversion='Debian 4.9.2-10' --with-bugurl=file:///usr/share/doc/gcc-4.9/README.Bugs --enable-languages=c,c++,java,go,d,fortran,objc,obj-c++ --prefix=/usr --program-suffix=-4.9 --enable-shared --enable-linker-build-id --libexecdir=/usr/lib --without-included-gettext --enable-threads=posix --with-gxx-include-dir=/usr/include/c++/4.9 --libdir=/usr/lib --enable-nls --with-sysroot=/ --enable-clocale=gnu --enable-libstdcxx-debug --enable-libstdcxx-time=yes --enable-gnu-unique-object --disable-vtable-verify --enable-plugin --with-system-zlib --disable-browser-plugin --enable-java-awt=gtk --enable-gtk-cairo --with-java-home=/usr/lib/jvm/java-1.5.0-gcj-4.9-amd64/jre --enable-java-home --with-jvm-root-dir=/usr/lib/jvm/java-1.5.0-gcj-4.9-amd64 --with-jvm-jar-dir=/usr/lib/jvm-exports/java-1.5.0-gcj-4.9-amd64 --with-arch-directory=amd64 --with-ecj-jar=/usr/share/java/eclipse-ecj.jar --enable-objc-gc --enable-multiarch --with-arch-32=i586 --with-abi=m64 --with-multilib-list=m32,m64,mx32 --enable-multilib --with-tune=generic --enable-checking=release --build=x86_64-linux-gnu --host=x86_64-linux-gnu --target=x86_64-linux-gnu
Thread model: posix
gcc version 4.9.2 (Debian 4.9.2-10) 
configure:2588: $? = 0
configure:2577: gcc -V >&5
gcc: error: unrecognized command line option '-V'
gcc: fatal error: no input files
compilation terminated.
configure:2588: $? = 4
configure:2577: gcc -qversion >&5
gcc: error: unrecognized command line option '-qversion'
gcc: fatal error: no input files
compilation terminated.
configure:2588: $? = 4
configure:2608: checking whether the C compiler works
configure:2630: gcc    conftest.c  >&5
configure:2634: $? = 0
configure:2682: result: yes
configure:2685: checking for C compiler default output file name
configure:2687: result: a.out
configure:2693: checking for suffix of executables
configure:2700: gcc -o conftest    conftest.c  >&5
configure:2704: $? = 0
configure:2726: result: 
configure:2748: checking whether we are cross compiling
configure:2756: gcc -o conftest    conftest.c  >&5
configure:2760: $? = 0
configure:2767: ./conftest
configure:2771: $? = 0
configure:2786: result: no
configure:2791: checking for suffix of object files
configure:2813: gcc -c   conftest.c >&5
configure:2817: $? = 0
configure:2838: result: o
configure:2842: checking whether we are using the GNU C compiler
configure:2861: gcc -c   conftest.c >&5
configure:2861: $? = 0
configure:2870: result: yes
configure:2879: checking whether gcc accepts -g
configure:2899: gcc -c -g  conftest.c >&5
configure:2899: $? = 0
configure:2940: result: yes
configure:2957: checking for gcc option to accept ISO C89
configure:3020: gcc  -c   conftest.c >&5
configure:3020: $? = 0
configure:3033: result: none needed
configure:3058: checking for __attribute__((aligned))
configure:3079: gcc -o conftest    conftest.c  >&5
configure:3079: $? = 0
configure:3092: result: yes
configure:3108: checking for __attribute__((alloc_size))
configure:3129: gcc -o conftest    conftest.c  >&5
configure:3129: $? = 0
configure:3142: result: yes
configure:3158: checking for __attribute__((error))
configure:3179: gcc -o conftest    conftest.c  >&5
configure:3179: $? = 0
configure:3192: result: yes
configure:3208: checking for __attribute__((format))
configure:3229: gcc -o conftest    conftest.c  >&5
configure:3229: $? = 0
configure:3242: result: yes
configure:3258: checking for __attribute__((malloc))
configure:3279: gcc -o conftest    conftest.c  >&5
configure:3279: $? = 0
configure:3292: result: yes
configure:3308: checking for __attribute__((unused))
configure:3329: gcc -o conftest    conftest.c  >&5
configure:3329: $? = 0
configure:3342: result: yes
configure:3358: checking for __attribute__((used))
configure:3379: gcc -o conftest    conftest.c  >&5
configure:3379: $? = 0
configure:3392: result: yes
configure:3408: checking for __attribute__((section))
configure:3433: gcc -o conftest    conftest.c  >&5
configure:3433: $? = 0
configure:3446: result: yes
configure:3463: checking for bcopy
configure:3463: gcc -o conftest    conftest.c  >&5
conftest.c:40:6: warning: conflicting types for built-in function 'bcopy'
 char bcopy ();
      ^
configure:3463: $? = 0
configure:3463: result: yes
configure:3463: checking for bzero
configure:3463: gcc -o conftest    conftest.c  >&5
conftest.c:41:6: warning: conflicting types for built-in function 'bzero'
 char bzero ();
      ^
configure:3463: $? = 0
configure:3463: result: yes
configure:3463: checking for bcmp
configure:3463: gcc -o conftest    conftest.c  >&5
conftest.c:42:6: warning: conflicting types for built-in function 'bcmp'
 char bcmp ();
      ^
configure:3463: $? = 0
configure:3463: result: yes
configure:3477: checking how to run the C preprocessor
configure:3508: gcc -E  conftest.c
configure:3508: $? = 0
configure:3522: gcc -E  conftest.c
conftest.c:20:28: fatal error: ac_nonexistent.h: No such file or directory
 #include <ac_nonexistent.h>
                            ^
compilation terminated.
configure:3522: $? = 1
configure: failed program was:
| /* confdefs.h */
| #define PACKAGE_NAME "servalrpc"
| #define PACKAGE_TARNAME "servalrpc"
| #define PACKAGE_VERSION "0.1"
| #define PACKAGE_STRING "servalrpc 0.1"
| #define PACKAGE_BUGREPORT ""
| #define PACKAGE_URL ""
| #define HAVE_FUNC_ATTRIBUTE_ALIGNED 1
| #define HAVE_FUNC_ATTRIBUTE_ALLOC_SIZE 1
| #define HAVE_FUNC_ATTRIBUTE_ERROR 1
| #define HAVE_FUNC_ATTRIBUTE_FORMAT 1
| #define HAVE_FUNC_ATTRIBUTE_MALLOC 1
| #define HAVE_FUNC_ATTRIBUTE_UNUSED 1
| #define HAVE_FUNC_ATTRIBUTE_USED 1
| #define HAVE_VAR_ATTRIBUTE_SECTION 1
| #define HAVE_BCOPY 1
| #define HAVE_BZERO 1
| #define HAVE_BCMP 1
| /* end confdefs.h.  */
| #include <ac_nonexistent.h>
configure:3547: result: gcc -E
configure:3567: gcc -E  conftest.c
configure:3567: $? = 0
configure:3581: gcc -E  conftest.c
conftest.c:20:28: fatal error: ac_nonexistent.h: No such file or directory
 #include <ac_nonexistent.h>
                            ^
compilation terminated.
configure:3581: $? = 1
configure: failed program was:
| /* confdefs.h */
| #define PACKAGE_NAME "servalrpc"
| #define PACKAGE_TARNAME "servalrpc"
| #define PACKAGE_VERSION "0.1"
| #define PACKAGE_STRING "servalrpc 0.1"
| #define PACKAGE_BUGREPORT ""
| #define PACKAGE_URL ""
| #define HAVE_FUNC_ATTRIBUTE_ALIGNED 1
| #define HAVE_FUNC_ATTRIBUTE_ALLOC_SIZE 1
| #define HAVE_FUNC_ATTRIBUTE_ERROR 1
| #define HAVE_FUNC_ATTRIBUTE_FORMAT 1
| #define HAVE_FUNC_ATTRIBUTE_MALLOC 1
| #define HAVE_FUNC_ATTRIBUTE_UNUSED 1
| #define HAVE_FUNC_ATTRIBUTE_USED 1
| #define HAVE_VAR_ATTRIBUTE_SECTION 1
| #define HAVE_BCOPY 1
| #define HAVE_BZERO 1
| #define HAVE_BCMP 1
| /* end confdefs.h.  */
| #include <ac_nonexistent.h>
configure:3610: checking for grep that handles long lines and -e
configure:3668: result: /bin/grep
configure:3673: checking for egrep
configure:3735: result: /bin/grep -E
configure:3740: checking for ANSI C header files
configure:3760: gcc -c   conftest.c >&5
configure:3760: $? = 0
configure:3833: gcc -o conftest    conftest.c  >&5
configure:3833: $? = 0
configure:3833: ./conftest
configure:3833: $? = 0
configure:3844: result: yes
configure:3857: checking for sys/types.h
configure:3857: gcc -c   conftest.c >&5
configure:3857: $? = 0
configure:3857: result: yes
configure:3857: checking for sys/stat.h
configure:3857: gcc -c   conftest.c >&5
configure:3857: $? = 0
configure:3857: result: yes
configure:3857: checking for stdlib.h
configure:3857: gcc -c   conftest.c >&5
configure:3857: $? = 0
configure:3857: result: yes
configure:3857: checking for string.h
configure:3857: gcc -c   conftest.c >&5
configure:3857: $? = 0
configure:3857: result: yes
configure:3857: checking for memory.h
configure:3857: gcc -c   conftest.c >&5
configure:3857: $? = 0
configure:3857: result: yes
configure:3857: checking for strings.h
configure:3857: gcc -c   conftest.c >&5
configure:3857: $? = 0
configure:3857: result: yes
configure:3857: checking for inttypes.h
configure:3857: gcc -c   conftest.c >&5
configure:3857: $? = 0
configure:3857: result: yes
configure:3857: checking for stdint.h
configure:3857: gcc -c   conftest.c >&5
configure:3857: $? = 0
configure:3857: result: yes
configure:3857: checking for unistd.h
configure:3857: gcc -c   conftest.c >&5
configure:3857: $? = 0
configure:3857: result: yes
configure:3873: checking size of off_t
configure:3878: gcc -o conftest    conftest.c  >&5
configure:3878: $? = 0
configure:3878: ./conftest
configure:3878: $? = 0
configure:3892: result: 8
configure:3948: checking curl/curl.h usability
configure:3948: gcc -c   conftest.c >&5
configure:3948: $? = 0
configure:3948: result: yes
configure:3948: checking curl/curl.h presence
configure:3948: gcc -E  conftest.c
configure:3948: $? = 0
configure:3948: result: yes
configure:3948: checking for curl/curl.h
configure:3948: result: yes
configure:3948: checking stddef.h usability
configure:3948: gcc -c   conftest.c >&5
configure:3948: $? = 0
configure:3948: result: yes
configure:3948: checking stddef.h presence
configure:3948: gcc -E  conftest.c
configure:3948: $? = 0
configure:3948: result: yes
configure:3948: checking for stddef.h
configure:3948: result: yes
configure:3948: checking for stdint.h
configure:3948: result: yes
configure:3948: checking stdio.h usability
configure:3948: gcc -c   conftest.c >&5
configure:3948: $? = 0
configure:3948: result: yes
configure:3948: checking stdio.h presence
configure:3948: gcc -E  conftest.c
configure:3948: $? = 0
configure:3948: result: yes
configure:3948: checking for stdio.h
configure:3948: result: yes
configure:3948: checking errno.h usability
configure:3948: gcc -c   conftest.c >&5
configure:3948: $? = 0
configure:3948: result: yes
configure:3948: checking errno.h presence
configure:3948: gcc -E  conftest.c
configure:3948: $? = 0
configure:3948: result: yes
configure:3948: checking for errno.h
configure:3948: result: yes
configure:3948: checking for stdlib.h
configure:3948: result: yes
configure:3948: checking stdarg.h usability
configure:3948: gcc -c   conftest.c >&5
configure:3948: $? = 0
configure:3948: result: yes
configure:3948: checking stdarg.h presence
configure:3948: gcc -E  conftest.c
configure:3948: $? = 0
configure:3948: result: yes
configure:3948: checking for stdarg.h
configure:3948: result: yes
configure:3948: checking for sys/types.h
configure:3948: result: yes
configure:3948: checking linux/if.h usability
configure:3948: gcc -c   conftest.c >&5
In file included from conftest.c:72:0:
/usr/include/linux/if.h:211:19: error: field 'ifru_addr' has incomplete type
   struct sockaddr ifru_addr;
                   ^
/usr/include/linux/if.h:212:19: error: field 'ifru_dstaddr' has incomplete type
   struct sockaddr ifru_dstaddr;
                   ^
/usr/include/linux/if.h:213:19: error: field 'ifru_broadaddr' has incomplete type
   struct sockaddr ifru_broadaddr;
                   ^
/usr/include/linux/if.h:214:19: error: field 'ifru_netmask' has incomplete type
   struct sockaddr ifru_netmask;
                   ^
/usr/include/linux/if.h:215:20: error: field 'ifru_hwaddr' has incomplete type
   struct  sockaddr ifru_hwaddr;
                    ^
configure:3948: $? = 1
configure: failed program was:
| /* confdefs.h */
| #define PACKAGE_NAME "servalrpc"
| #define PACKAGE_TARNAME "servalrpc"
| #define PACKAGE_VERSION "0.1"
| #define PACKAGE_STRING "servalrpc 0.1"
| #define PACKAGE_BUGREPORT ""
| #define PACKAGE_URL ""
| #define HAVE_FUNC_ATTRIBUTE_ALIGNED 1
| #define HAVE_FUNC_ATTRIBUTE_ALLOC_SIZE 1
| #define HAVE_FUNC_ATTRIBUTE_ERROR 1
| #define HAVE_FUNC_ATTRIBUTE_FORMAT 1
| #define HAVE_FUNC_ATTRIBUTE_MALLOC 1
| #define HAVE_FUNC_ATTRIBUTE_UNUSED 1
| #define HAVE_FUNC_ATTRIBUTE_USED 1
| #define HAVE_VAR_ATTRIBUTE_SECTION 1
| #define HAVE_BCOPY 1
| #define HAVE_BZERO 1
| #define HAVE_BCMP 1
| #define STDC_HEADERS 1
| #define HAVE_SYS_TYPES_H 1
| #define HAVE_SYS_STAT_H 1
| #define HAVE_STDLIB_H 1
| #define HAVE_STRING_H 1
| #define HAVE_MEMORY_H 1
| #define HAVE_STRINGS_H 1
| #define HAVE_INTTYPES_H 1
| #define HAVE_STDINT_H 1
| #define HAVE_UNISTD_H 1
| #define SIZEOF_OFF_T 8
| #define HAVE_CURL_CURL_H 1
| #define HAVE_STDDEF_H 1
| #define HAVE_STDINT_H 1
| #define HAVE_STDIO_H 1
| #define HAVE_ERRNO_H 1
| #define HAVE_STDLIB_H 1
| #define HAVE_STDARG_H 1
| #define HAVE_SYS_TYPES_H 1
| /* end confdefs.h.  */
| #include <stdio.h>
| #ifdef HAVE_SYS_TYPES_H
| # include <sys/types.h>
| #endif
| #ifdef HAVE_SYS_STAT_H
| # include <sys/stat.h>
| #endif
| #ifdef STDC_HEADERS
| # include <stdlib.h>
| # include <stddef.h>
| #else
| # ifdef HAVE_STDLIB_H
| #  include <stdlib.h>
| # endif
| #endif
| #ifdef HAVE_STRING_H
| # if !defined STDC_HEADERS && defined HAVE_MEMORY_H
| #  include <memory.h>
| # endif
| # include <string.h>
| #endif
| #ifdef HAVE_STRINGS_H
| # include <strings.h>
| #endif
| #ifdef HAVE_INTTYPES_H
| # include <inttypes.h>
| #endif
| #ifdef HAVE_STDINT_H
| # include <stdint.h>
| #endif
| #ifdef HAVE_UNISTD_H
| # include <unistd.h>
| #endif
| #include <linux/if.h>
configure:3948: result: no
configure:3948: checking linux/if.h presence
configure:3948: gcc -E  conftest.c
configure:3948: $? = 0
configure:3948: result: yes
configure:3948: WARNING: linux/if.h: present but cannot be compiled
configure:3948: WARNING: linux/if.h:     check for missing prerequisite headers?
configure:3948: WARNING: linux/if.h: see the Autoconf documentation
configure:3948: WARNING: linux/if.h:     section "Present But Cannot Be Compiled"
configure:3948: WARNING: linux/if.h: proceeding with the compiler's result
configure:3948: checking for linux/if.h
configure:3948: result: no
configure:3948: checking ctype.h usability
configure:3948: gcc -c   conftest.c >&5
configure:3948: $? = 0
configure:3948: result: yes
configure:3948: checking ctype.h presence
configure:3948: gcc -E  conftest.c
configure:3948: $? = 0
configure:3948: result: yes
configure:3948: checking for ctype.h
configure:3948: result: yes
configure:3948: checking fcntl.h usability
configure:3948: gcc -c   conftest.c >&5
configure:3948: $? = 0
configure:3948: result: yes
configure:3948: checking fcntl.h presence
configure:3948: gcc -E  conftest.c
configure:3948: $? = 0
configure:3948: result: yes
configure:3948: checking for fcntl.h
configure:3948: result: yes
configure:3948: checking for inttypes.h
configure:3948: result: yes
configure:3948: checking limits.h usability
configure:3948: gcc -c   conftest.c >&5
configure:3948: $? = 0
configure:3948: result: yes
configure:3948: checking limits.h presence
configure:3948: gcc -E  conftest.c
configure:3948: $? = 0
configure:3948: result: yes
configure:3948: checking for limits.h
configure:3948: result: yes
configure:3948: checking jni.h usability
configure:3948: gcc -c   conftest.c >&5
conftest.c:76:17: fatal error: jni.h: No such file or directory
 #include <jni.h>
                 ^
compilation terminated.
configure:3948: $? = 1
configure: failed program was:
| /* confdefs.h */
| #define PACKAGE_NAME "servalrpc"
| #define PACKAGE_TARNAME "servalrpc"
| #define PACKAGE_VERSION "0.1"
| #define PACKAGE_STRING "servalrpc 0.1"
| #define PACKAGE_BUGREPORT ""
| #define PACKAGE_URL ""
| #define HAVE_FUNC_ATTRIBUTE_ALIGNED 1
| #define HAVE_FUNC_ATTRIBUTE_ALLOC_SIZE 1
| #define HAVE_FUNC_ATTRIBUTE_ERROR 1
| #define HAVE_FUNC_ATTRIBUTE_FORMAT 1
| #define HAVE_FUNC_ATTRIBUTE_MALLOC 1
| #define HAVE_FUNC_ATTRIBUTE_UNUSED 1
| #define HAVE_FUNC_ATTRIBUTE_USED 1
| #define HAVE_VAR_ATTRIBUTE_SECTION 1
| #define HAVE_BCOPY 1
| #define HAVE_BZERO 1
| #define HAVE_BCMP 1
| #define STDC_HEADERS 1
| #define HAVE_SYS_TYPES_H 1
| #define HAVE_SYS_STAT_H 1
| #define HAVE_STDLIB_H 1
| #define HAVE_STRING_H 1
| #define HAVE_MEMORY_H 1
| #define HAVE_STRINGS_H 1
| #define HAVE_INTTYPES_H 1
| #define HAVE_STDINT_H 1
| #define HAVE_UNISTD_H 1
| #define SIZEOF_OFF_T 8
| #define HAVE_CURL_CURL_H 1
| #define HAVE_STDDEF_H 1
| #define HAVE_STDINT_H 1
| #define HAVE_STDIO_H 1
| #define HAVE_ERRNO_H 1
| #define HAVE_STDLIB_H 1
| #define HAVE_STDARG_H 1
| #define HAVE_SYS_TYPES_H 1
| #define HAVE_CTYPE_H 1
| #define HAVE_FCNTL_H 1
| #define HAVE_INTTYPES_H 1
| #define HAVE_LIMITS_H 1
| /* end confdefs.h.  */
| #include <stdio.h>
| #ifdef HAVE_SYS_TYPES_H
| # include <sys/types.h>
| #endif
| #ifdef HAVE_SYS_STAT_H
| # include <sys/stat.h>
| #endif
| #ifdef STDC_HEADERS
| # include <stdlib.h>
| # include <stddef.h>
| #else
| # ifdef HAVE_STDLIB_H
| #  include <stdlib.h>
| # endif
| #endif
| #ifdef HAVE_STRING_H
| # if !defined STDC_HEADERS && defined HAVE_MEMORY_H
| #  include <memory.h>
| # endif
| # include <string.h>
| #endif
| #ifdef HAVE_STRINGS_H
| # include <strings.h>
| #endif
| #ifdef HAVE_INTTYPES_H
| # include <inttypes.h>
| #endif
| #ifdef HAVE_STDINT_H
| # include <stdint.h>
| #endif
| #ifdef HAVE_UNISTD_H
| # include <unistd.h>
| #endif
| #include <jni.h>
configure:3948: result: no
configure:3948: checking jni.h presence
configure:3948: gcc -E  conftest.c
conftest.c:43:17: fatal error: jni.h: No such file or directory
 #include <jni.h>
                 ^
compilation terminated.
configure:3948: $? = 1
configure: failed program was:
| /* confdefs.h */
| #define PACKAGE_NAME "servalrpc"
| #define PACKAGE_TARNAME "servalrpc"
| #define PACKAGE_VERSION "0.1"
| #define PACKAGE_STRING "servalrpc 0.1"
| #define PACKAGE_BUGREPORT ""
| #define PACKAGE_URL ""
| #define HAVE_FUNC_ATTRIBUTE_ALIGNED 1
| #define HAVE_FUNC_ATTRIBUTE_ALLOC_SIZE 1
| #define HAVE_FUNC_ATTRIBUTE_ERROR 1
| #define HAVE_FUNC_ATTRIBUTE_FORMAT 1
| #define HAVE_FUNC_ATTRIBUTE_MALLOC 1
| #define HAVE_FUNC_ATTRIBUTE_UNUSED 1
| #define HAVE_FUNC_ATTRIBUTE_USED 1
| #define HAVE_VAR_ATTRIBUTE_SECTION 1
| #define HAVE_BCOPY 1
| #define HAVE_BZERO 1
| #define HAVE_BCMP 1
| #define STDC_HEADERS 1
| #define HAVE_SYS_TYPES_H 1
| #define HAVE_SYS_STAT_H 1
| #define HAVE_STDLIB_H 1
| #define HAVE_STRING_H 1
| #define HAVE_MEMORY_H 1
| #define HAVE_STRINGS_H 1
| #define HAVE_INTTYPES_H 1
| #define HAVE_STDINT_H 1
| #define HAVE_UNISTD_H 1
| #define SIZEOF_OFF_T 8
| #define HAVE_CURL_CURL_H 1
| #define HAVE_STDDEF_H 1
| #define HAVE_STDINT_H 1
| #define HAVE_STDIO_H 1
| #define HAVE_ERRNO_H 1
| #define HAVE_STDLIB_H 1
| #define HAVE_STDARG_H 1
| #define HAVE_SYS_TYPES_H 1
| #define HAVE_CTYPE_H 1
| #define HAVE_FCNTL_H 1
| #define HAVE_INTTYPES_H 1
| #define HAVE_LIMITS_H 1
| /* end confdefs.h.  */
| #include <jni.h>
configure:3948: result: no
configure:3948: checking for jni.h
configure:3948: result: no
configure:3948: checking alloca.h usability
configure:3948: gcc -c   conftest.c >&5
configure:3948: $? = 0
configure:3948: result: yes
configure:3948: checking alloca.h presence
configure:3948: gcc -E  conftest.c
configure:3948: $? = 0
configure:3948: result: yes
configure:3948: checking for alloca.h
configure:3948: result: yes
configure:3948: checking sys/un.h usability
configure:3948: gcc -c   conftest.c >&5
configure:3948: $? = 0
configure:3948: result: yes
configure:3948: checking sys/un.h presence
configure:3948: gcc -E  conftest.c
configure:3948: $? = 0
configure:3948: result: yes
configure:3948: checking for sys/un.h
configure:3948: result: yes
configure:3948: checking for strings.h
configure:3948: result: yes
configure:3948: checking for unistd.h
configure:3948: result: yes
configure:3948: checking for string.h
configure:3948: result: yes
configure:3948: checking arpa/inet.h usability
configure:3948: gcc -c   conftest.c >&5
configure:3948: $? = 0
configure:3948: result: yes
configure:3948: checking arpa/inet.h presence
configure:3948: gcc -E  conftest.c
configure:3948: $? = 0
configure:3948: result: yes
configure:3948: checking for arpa/inet.h
configure:3948: result: yes
configure:3948: checking sys/socket.h usability
configure:3948: gcc -c   conftest.c >&5
configure:3948: $? = 0
configure:3948: result: yes
configure:3948: checking sys/socket.h presence
configure:3948: gcc -E  conftest.c
configure:3948: $? = 0
configure:3948: result: yes
configure:3948: checking for sys/socket.h
configure:3948: result: yes
configure:3948: checking sys/mman.h usability
configure:3948: gcc -c   conftest.c >&5
configure:3948: $? = 0
configure:3948: result: yes
configure:3948: checking sys/mman.h presence
configure:3948: gcc -E  conftest.c
configure:3948: $? = 0
configure:3948: result: yes
configure:3948: checking for sys/mman.h
configure:3948: result: yes
configure:3948: checking sys/time.h usability
configure:3948: gcc -c   conftest.c >&5
configure:3948: $? = 0
configure:3948: result: yes
configure:3948: checking sys/time.h presence
configure:3948: gcc -E  conftest.c
configure:3948: $? = 0
configure:3948: result: yes
configure:3948: checking for sys/time.h
configure:3948: result: yes
configure:3948: checking sys/ucred.h usability
configure:3948: gcc -c   conftest.c >&5
conftest.c:85:23: fatal error: sys/ucred.h: No such file or directory
 #include <sys/ucred.h>
                       ^
compilation terminated.
configure:3948: $? = 1
configure: failed program was:
| /* confdefs.h */
| #define PACKAGE_NAME "servalrpc"
| #define PACKAGE_TARNAME "servalrpc"
| #define PACKAGE_VERSION "0.1"
| #define PACKAGE_STRING "servalrpc 0.1"
| #define PACKAGE_BUGREPORT ""
| #define PACKAGE_URL ""
| #define HAVE_FUNC_ATTRIBUTE_ALIGNED 1
| #define HAVE_FUNC_ATTRIBUTE_ALLOC_SIZE 1
| #define HAVE_FUNC_ATTRIBUTE_ERROR 1
| #define HAVE_FUNC_ATTRIBUTE_FORMAT 1
| #define HAVE_FUNC_ATTRIBUTE_MALLOC 1
| #define HAVE_FUNC_ATTRIBUTE_UNUSED 1
| #define HAVE_FUNC_ATTRIBUTE_USED 1
| #define HAVE_VAR_ATTRIBUTE_SECTION 1
| #define HAVE_BCOPY 1
| #define HAVE_BZERO 1
| #define HAVE_BCMP 1
| #define STDC_HEADERS 1
| #define HAVE_SYS_TYPES_H 1
| #define HAVE_SYS_STAT_H 1
| #define HAVE_STDLIB_H 1
| #define HAVE_STRING_H 1
| #define HAVE_MEMORY_H 1
| #define HAVE_STRINGS_H 1
| #define HAVE_INTTYPES_H 1
| #define HAVE_STDINT_H 1
| #define HAVE_UNISTD_H 1
| #define SIZEOF_OFF_T 8
| #define HAVE_CURL_CURL_H 1
| #define HAVE_STDDEF_H 1
| #define HAVE_STDINT_H 1
| #define HAVE_STDIO_H 1
| #define HAVE_ERRNO_H 1
| #define HAVE_STDLIB_H 1
| #define HAVE_STDARG_H 1
| #define HAVE_SYS_TYPES_H 1
| #define HAVE_CTYPE_H 1
| #define HAVE_FCNTL_H 1
| #define HAVE_INTTYPES_H 1
| #define HAVE_LIMITS_H 1
| #define HAVE_ALLOCA_H 1
| #define HAVE_SYS_UN_H 1
| #define HAVE_STRINGS_H 1
| #define HAVE_UNISTD_H 1
| #define HAVE_STRING_H 1
| #define HAVE_ARPA_INET_H 1
| #define HAVE_SYS_SOCKET_H 1
| #define HAVE_SYS_MMAN_H 1
| #define HAVE_SYS_TIME_H 1
| /* end confdefs.h.  */
| #include <stdio.h>
| #ifdef HAVE_SYS_TYPES_H
| # include <sys/types.h>
| #endif
| #ifdef HAVE_SYS_STAT_H
| # include <sys/stat.h>
| #endif
| #ifdef STDC_HEADERS
| # include <stdlib.h>
| # include <stddef.h>
| #else
| # ifdef HAVE_STDLIB_H
| #  include <stdlib.h>
| # endif
| #endif
| #ifdef HAVE_STRING_H
| # if !defined STDC_HEADERS && defined HAVE_MEMORY_H
| #  include <memory.h>
| # endif
| # include <string.h>
| #endif
| #ifdef HAVE_STRINGS_H
| # include <strings.h>
| #endif
| #ifdef HAVE_INTTYPES_H
| # include <inttypes.h>
| #endif
| #ifdef HAVE_STDINT_H
| # include <stdint.h>
| #endif
| #ifdef HAVE_UNISTD_H
| # include <unistd.h>
| #endif
| #include <sys/ucred.h>
configure:3948: result: no
configure:3948: checking sys/ucred.h presence
configure:3948: gcc -E  conftest.c
conftest.c:52:23: fatal error: sys/ucred.h: No such file or directory
 #include <sys/ucred.h>
                       ^
compilation terminated.
configure:3948: $? = 1
configure: failed program was:
| /* confdefs.h */
| #define PACKAGE_NAME "servalrpc"
| #define PACKAGE_TARNAME "servalrpc"
| #define PACKAGE_VERSION "0.1"
| #define PACKAGE_STRING "servalrpc 0.1"
| #define PACKAGE_BUGREPORT ""
| #define PACKAGE_URL ""
| #define HAVE_FUNC_ATTRIBUTE_ALIGNED 1
| #define HAVE_FUNC_ATTRIBUTE_ALLOC_SIZE 1
| #define HAVE_FUNC_ATTRIBUTE_ERROR 1
| #define HAVE_FUNC_ATTRIBUTE_FORMAT 1
| #define HAVE_FUNC_ATTRIBUTE_MALLOC 1
| #define HAVE_FUNC_ATTRIBUTE_UNUSED 1
| #define HAVE_FUNC_ATTRIBUTE_USED 1
| #define HAVE_VAR_ATTRIBUTE_SECTION 1
| #define HAVE_BCOPY 1
| #define HAVE_BZERO 1
| #define HAVE_BCMP 1
| #define STDC_HEADERS 1
| #define HAVE_SYS_TYPES_H 1
| #define HAVE_SYS_STAT_H 1
| #define HAVE_STDLIB_H 1
| #define HAVE_STRING_H 1
| #define HAVE_MEMORY_H 1
| #define HAVE_STRINGS_H 1
| #define HAVE_INTTYPES_H 1
| #define HAVE_STDINT_H 1
| #define HAVE_UNISTD_H 1
| #define SIZEOF_OFF_T 8
| #define HAVE_CURL_CURL_H 1
| #define HAVE_STDDEF_H 1
| #define HAVE_STDINT_H 1
| #define HAVE_STDIO_H 1
| #define HAVE_ERRNO_H 1
| #define HAVE_STDLIB_H 1
| #define HAVE_STDARG_H 1
| #define HAVE_SYS_TYPES_H 1
| #define HAVE_CTYPE_H 1
| #define HAVE_FCNTL_H 1
| #define HAVE_INTTYPES_H 1
| #define HAVE_LIMITS_H 1
| #define HAVE_ALLOCA_H 1
| #define HAVE_SYS_UN_H 1
| #define HAVE_STRINGS_H 1
| #define HAVE_UNISTD_H 1
| #define HAVE_STRING_H 1
| #define HAVE_ARPA_INET_H 1
| #define HAVE_SYS_SOCKET_H 1
| #define HAVE_SYS_MMAN_H 1
| #define HAVE_SYS_TIME_H 1
| /* end confdefs.h.  */
| #include <sys/ucred.h>
configure:3948: result: no
configure:3948: checking for sys/ucred.h
configure:3948: result: no
configure:3948: checking for sys/stat.h
configure:3948: result: yes
configure:3948: checking sys/vfs.h usability
configure:3948: gcc -c   conftest.c >&5
configure:3948: $? = 0
configure:3948: result: yes
configure:3948: checking sys/vfs.h presence
configure:3948: gcc -E  conftest.c
configure:3948: $? = 0
configure:3948: result: yes
configure:3948: checking for sys/vfs.h
configure:3948: result: yes
configure:3948: checking signal.h usability
configure:3948: gcc -c   conftest.c >&5
configure:3948: $? = 0
configure:3948: result: yes
configure:3948: checking signal.h presence
configure:3948: gcc -E  conftest.c
configure:3948: $? = 0
configure:3948: result: yes
configure:3948: checking for signal.h
configure:3948: result: yes
configure:3948: checking poll.h usability
configure:3948: gcc -c   conftest.c >&5
configure:3948: $? = 0
configure:3948: result: yes
configure:3948: checking poll.h presence
configure:3948: gcc -E  conftest.c
configure:3948: $? = 0
configure:3948: result: yes
configure:3948: checking for poll.h
configure:3948: result: yes
configure:3948: checking netdb.h usability
configure:3948: gcc -c   conftest.c >&5
configure:3948: $? = 0
configure:3948: result: yes
configure:3948: checking netdb.h presence
configure:3948: gcc -E  conftest.c
configure:3948: $? = 0
configure:3948: result: yes
configure:3948: checking for netdb.h
configure:3948: result: yes
configure:3948: checking linux/netlink.h usability
configure:3948: gcc -c   conftest.c >&5
configure:3948: $? = 0
configure:3948: result: yes
configure:3948: checking linux/netlink.h presence
configure:3948: gcc -E  conftest.c
configure:3948: $? = 0
configure:3948: result: yes
configure:3948: checking for linux/netlink.h
configure:3948: result: yes
configure:3948: checking linux/rtnetlink.h usability
configure:3948: gcc -c   conftest.c >&5
configure:3948: $? = 0
configure:3948: result: yes
configure:3948: checking linux/rtnetlink.h presence
configure:3948: gcc -E  conftest.c
configure:3948: $? = 0
configure:3948: result: yes
configure:3948: checking for linux/rtnetlink.h
configure:3948: result: yes
configure:3948: checking net/if.h usability
configure:3948: gcc -c   conftest.c >&5
configure:3948: $? = 0
configure:3948: result: yes
configure:3948: checking net/if.h presence
configure:3948: gcc -E  conftest.c
configure:3948: $? = 0
configure:3948: result: yes
configure:3948: checking for net/if.h
configure:3948: result: yes
configure:3948: checking netinet/in.h usability
configure:3948: gcc -c   conftest.c >&5
configure:3948: $? = 0
configure:3948: result: yes
configure:3948: checking netinet/in.h presence
configure:3948: gcc -E  conftest.c
configure:3948: $? = 0
configure:3948: result: yes
configure:3948: checking for netinet/in.h
configure:3948: result: yes
configure:3948: checking ifaddrs.h usability
configure:3948: gcc -c   conftest.c >&5
configure:3948: $? = 0
configure:3948: result: yes
configure:3948: checking ifaddrs.h presence
configure:3948: gcc -E  conftest.c
configure:3948: $? = 0
configure:3948: result: yes
configure:3948: checking for ifaddrs.h
configure:3948: result: yes
configure:3948: checking ucred.h usability
configure:3948: gcc -c   conftest.c >&5
conftest.c:95:19: fatal error: ucred.h: No such file or directory
 #include <ucred.h>
                   ^
compilation terminated.
configure:3948: $? = 1
configure: failed program was:
| /* confdefs.h */
| #define PACKAGE_NAME "servalrpc"
| #define PACKAGE_TARNAME "servalrpc"
| #define PACKAGE_VERSION "0.1"
| #define PACKAGE_STRING "servalrpc 0.1"
| #define PACKAGE_BUGREPORT ""
| #define PACKAGE_URL ""
| #define HAVE_FUNC_ATTRIBUTE_ALIGNED 1
| #define HAVE_FUNC_ATTRIBUTE_ALLOC_SIZE 1
| #define HAVE_FUNC_ATTRIBUTE_ERROR 1
| #define HAVE_FUNC_ATTRIBUTE_FORMAT 1
| #define HAVE_FUNC_ATTRIBUTE_MALLOC 1
| #define HAVE_FUNC_ATTRIBUTE_UNUSED 1
| #define HAVE_FUNC_ATTRIBUTE_USED 1
| #define HAVE_VAR_ATTRIBUTE_SECTION 1
| #define HAVE_BCOPY 1
| #define HAVE_BZERO 1
| #define HAVE_BCMP 1
| #define STDC_HEADERS 1
| #define HAVE_SYS_TYPES_H 1
| #define HAVE_SYS_STAT_H 1
| #define HAVE_STDLIB_H 1
| #define HAVE_STRING_H 1
| #define HAVE_MEMORY_H 1
| #define HAVE_STRINGS_H 1
| #define HAVE_INTTYPES_H 1
| #define HAVE_STDINT_H 1
| #define HAVE_UNISTD_H 1
| #define SIZEOF_OFF_T 8
| #define HAVE_CURL_CURL_H 1
| #define HAVE_STDDEF_H 1
| #define HAVE_STDINT_H 1
| #define HAVE_STDIO_H 1
| #define HAVE_ERRNO_H 1
| #define HAVE_STDLIB_H 1
| #define HAVE_STDARG_H 1
| #define HAVE_SYS_TYPES_H 1
| #define HAVE_CTYPE_H 1
| #define HAVE_FCNTL_H 1
| #define HAVE_INTTYPES_H 1
| #define HAVE_LIMITS_H 1
| #define HAVE_ALLOCA_H 1
| #define HAVE_SYS_UN_H 1
| #define HAVE_STRINGS_H 1
| #define HAVE_UNISTD_H 1
| #define HAVE_STRING_H 1
| #define HAVE_ARPA_INET_H 1
| #define HAVE_SYS_SOCKET_H 1
| #define HAVE_SYS_MMAN_H 1
| #define HAVE_SYS_TIME_H 1
| #define HAVE_SYS_STAT_H 1
| #define HAVE_SYS_VFS_H 1
| #define HAVE_SIGNAL_H 1
| #define HAVE_POLL_H 1
| #define HAVE_NETDB_H 1
| #define HAVE_LINUX_NETLINK_H 1
| #define HAVE_LINUX_RTNETLINK_H 1
| #define HAVE_NET_IF_H 1
| #define HAVE_NETINET_IN_H 1
| #define HAVE_IFADDRS_H 1
| /* end confdefs.h.  */
| #include <stdio.h>
| #ifdef HAVE_SYS_TYPES_H
| # include <sys/types.h>
| #endif
| #ifdef HAVE_SYS_STAT_H
| # include <sys/stat.h>
| #endif
| #ifdef STDC_HEADERS
| # include <stdlib.h>
| # include <stddef.h>
| #else
| # ifdef HAVE_STDLIB_H
| #  include <stdlib.h>
| # endif
| #endif
| #ifdef HAVE_STRING_H
| # if !defined STDC_HEADERS && defined HAVE_MEMORY_H
| #  include <memory.h>
| # endif
| # include <string.h>
| #endif
| #ifdef HAVE_STRINGS_H
| # include <strings.h>
| #endif
| #ifdef HAVE_INTTYPES_H
| # include <inttypes.h>
| #endif
| #ifdef HAVE_STDINT_H
| # include <stdint.h>
| #endif
| #ifdef HAVE_UNISTD_H
| # include <unistd.h>
| #endif
| #include <ucred.h>
configure:3948: result: no
configure:3948: checking ucred.h presence
configure:3948: gcc -E  conftest.c
conftest.c:62:19: fatal error: ucred.h: No such file or directory
 #include <ucred.h>
                   ^
compilation terminated.
configure:3948: $? = 1
configure: failed program was:
| /* confdefs.h */
| #define PACKAGE_NAME "servalrpc"
| #define PACKAGE_TARNAME "servalrpc"
| #define PACKAGE_VERSION "0.1"
| #define PACKAGE_STRING "servalrpc 0.1"
| #define PACKAGE_BUGREPORT ""
| #define PACKAGE_URL ""
| #define HAVE_FUNC_ATTRIBUTE_ALIGNED 1
| #define HAVE_FUNC_ATTRIBUTE_ALLOC_SIZE 1
| #define HAVE_FUNC_ATTRIBUTE_ERROR 1
| #define HAVE_FUNC_ATTRIBUTE_FORMAT 1
| #define HAVE_FUNC_ATTRIBUTE_MALLOC 1
| #define HAVE_FUNC_ATTRIBUTE_UNUSED 1
| #define HAVE_FUNC_ATTRIBUTE_USED 1
| #define HAVE_VAR_ATTRIBUTE_SECTION 1
| #define HAVE_BCOPY 1
| #define HAVE_BZERO 1
| #define HAVE_BCMP 1
| #define STDC_HEADERS 1
| #define HAVE_SYS_TYPES_H 1
| #define HAVE_SYS_STAT_H 1
| #define HAVE_STDLIB_H 1
| #define HAVE_STRING_H 1
| #define HAVE_MEMORY_H 1
| #define HAVE_STRINGS_H 1
| #define HAVE_INTTYPES_H 1
| #define HAVE_STDINT_H 1
| #define HAVE_UNISTD_H 1
| #define SIZEOF_OFF_T 8
| #define HAVE_CURL_CURL_H 1
| #define HAVE_STDDEF_H 1
| #define HAVE_STDINT_H 1
| #define HAVE_STDIO_H 1
| #define HAVE_ERRNO_H 1
| #define HAVE_STDLIB_H 1
| #define HAVE_STDARG_H 1
| #define HAVE_SYS_TYPES_H 1
| #define HAVE_CTYPE_H 1
| #define HAVE_FCNTL_H 1
| #define HAVE_INTTYPES_H 1
| #define HAVE_LIMITS_H 1
| #define HAVE_ALLOCA_H 1
| #define HAVE_SYS_UN_H 1
| #define HAVE_STRINGS_H 1
| #define HAVE_UNISTD_H 1
| #define HAVE_STRING_H 1
| #define HAVE_ARPA_INET_H 1
| #define HAVE_SYS_SOCKET_H 1
| #define HAVE_SYS_MMAN_H 1
| #define HAVE_SYS_TIME_H 1
| #define HAVE_SYS_STAT_H 1
| #define HAVE_SYS_VFS_H 1
| #define HAVE_SIGNAL_H 1
| #define HAVE_POLL_H 1
| #define HAVE_NETDB_H 1
| #define HAVE_LINUX_NETLINK_H 1
| #define HAVE_LINUX_RTNETLINK_H 1
| #define HAVE_NET_IF_H 1
| #define HAVE_NETINET_IN_H 1
| #define HAVE_IFADDRS_H 1
| /* end confdefs.h.  */
| #include <ucred.h>
configure:3948: result: no
configure:3948: checking for ucred.h
configure:3948: result: no
configure:3948: checking sys/sockio.h usability
configure:3948: gcc -c   conftest.c >&5
conftest.c:95:24: fatal error: sys/sockio.h: No such file or directory
 #include <sys/sockio.h>
                        ^
compilation terminated.
configure:3948: $? = 1
configure: failed program was:
| /* confdefs.h */
| #define PACKAGE_NAME "servalrpc"
| #define PACKAGE_TARNAME "servalrpc"
| #define PACKAGE_VERSION "0.1"
| #define PACKAGE_STRING "servalrpc 0.1"
| #define PACKAGE_BUGREPORT ""
| #define PACKAGE_URL ""
| #define HAVE_FUNC_ATTRIBUTE_ALIGNED 1
| #define HAVE_FUNC_ATTRIBUTE_ALLOC_SIZE 1
| #define HAVE_FUNC_ATTRIBUTE_ERROR 1
| #define HAVE_FUNC_ATTRIBUTE_FORMAT 1
| #define HAVE_FUNC_ATTRIBUTE_MALLOC 1
| #define HAVE_FUNC_ATTRIBUTE_UNUSED 1
| #define HAVE_FUNC_ATTRIBUTE_USED 1
| #define HAVE_VAR_ATTRIBUTE_SECTION 1
| #define HAVE_BCOPY 1
| #define HAVE_BZERO 1
| #define HAVE_BCMP 1
| #define STDC_HEADERS 1
| #define HAVE_SYS_TYPES_H 1
| #define HAVE_SYS_STAT_H 1
| #define HAVE_STDLIB_H 1
| #define HAVE_STRING_H 1
| #define HAVE_MEMORY_H 1
| #define HAVE_STRINGS_H 1
| #define HAVE_INTTYPES_H 1
| #define HAVE_STDINT_H 1
| #define HAVE_UNISTD_H 1
| #define SIZEOF_OFF_T 8
| #define HAVE_CURL_CURL_H 1
| #define HAVE_STDDEF_H 1
| #define HAVE_STDINT_H 1
| #define HAVE_STDIO_H 1
| #define HAVE_ERRNO_H 1
| #define HAVE_STDLIB_H 1
| #define HAVE_STDARG_H 1
| #define HAVE_SYS_TYPES_H 1
| #define HAVE_CTYPE_H 1
| #define HAVE_FCNTL_H 1
| #define HAVE_INTTYPES_H 1
| #define HAVE_LIMITS_H 1
| #define HAVE_ALLOCA_H 1
| #define HAVE_SYS_UN_H 1
| #define HAVE_STRINGS_H 1
| #define HAVE_UNISTD_H 1
| #define HAVE_STRING_H 1
| #define HAVE_ARPA_INET_H 1
| #define HAVE_SYS_SOCKET_H 1
| #define HAVE_SYS_MMAN_H 1
| #define HAVE_SYS_TIME_H 1
| #define HAVE_SYS_STAT_H 1
| #define HAVE_SYS_VFS_H 1
| #define HAVE_SIGNAL_H 1
| #define HAVE_POLL_H 1
| #define HAVE_NETDB_H 1
| #define HAVE_LINUX_NETLINK_H 1
| #define HAVE_LINUX_RTNETLINK_H 1
| #define HAVE_NET_IF_H 1
| #define HAVE_NETINET_IN_H 1
| #define HAVE_IFADDRS_H 1
| /* end confdefs.h.  */
| #include <stdio.h>
| #ifdef HAVE_SYS_TYPES_H
| # include <sys/types.h>
| #endif
| #ifdef HAVE_SYS_STAT_H
| # include <sys/stat.h>
| #endif
| #ifdef STDC_HEADERS
| # include <stdlib.h>
| # include <stddef.h>
| #else
| # ifdef HAVE_STDLIB_H
| #  include <stdlib.h>
| # endif
| #endif
| #ifdef HAVE_STRING_H
| # if !defined STDC_HEADERS && defined HAVE_MEMORY_H
| #  include <memory.h>
| # endif
| # include <string.h>
| #endif
| #ifdef HAVE_STRINGS_H
| # include <strings.h>
| #endif
| #ifdef HAVE_INTTYPES_H
| # include <inttypes.h>
| #endif
| #ifdef HAVE_STDINT_H
| # include <stdint.h>
| #endif
| #ifdef HAVE_UNISTD_H
| # include <unistd.h>
| #endif
| #include <sys/sockio.h>
configure:3948: result: no
configure:3948: checking sys/sockio.h presence
configure:3948: gcc -E  conftest.c
conftest.c:62:24: fatal error: sys/sockio.h: No such file or directory
 #include <sys/sockio.h>
                        ^
compilation terminated.
configure:3948: $? = 1
configure: failed program was:
| /* confdefs.h */
| #define PACKAGE_NAME "servalrpc"
| #define PACKAGE_TARNAME "servalrpc"
| #define PACKAGE_VERSION "0.1"
| #define PACKAGE_STRING "servalrpc 0.1"
| #define PACKAGE_BUGREPORT ""
| #define PACKAGE_URL ""
| #define HAVE_FUNC_ATTRIBUTE_ALIGNED 1
| #define HAVE_FUNC_ATTRIBUTE_ALLOC_SIZE 1
| #define HAVE_FUNC_ATTRIBUTE_ERROR 1
| #define HAVE_FUNC_ATTRIBUTE_FORMAT 1
| #define HAVE_FUNC_ATTRIBUTE_MALLOC 1
| #define HAVE_FUNC_ATTRIBUTE_UNUSED 1
| #define HAVE_FUNC_ATTRIBUTE_USED 1
| #define HAVE_VAR_ATTRIBUTE_SECTION 1
| #define HAVE_BCOPY 1
| #define HAVE_BZERO 1
| #define HAVE_BCMP 1
| #define STDC_HEADERS 1
| #define HAVE_SYS_TYPES_H 1
| #define HAVE_SYS_STAT_H 1
| #define HAVE_STDLIB_H 1
| #define HAVE_STRING_H 1
| #define HAVE_MEMORY_H 1
| #define HAVE_STRINGS_H 1
| #define HAVE_INTTYPES_H 1
| #define HAVE_STDINT_H 1
| #define HAVE_UNISTD_H 1
| #define SIZEOF_OFF_T 8
| #define HAVE_CURL_CURL_H 1
| #define HAVE_STDDEF_H 1
| #define HAVE_STDINT_H 1
| #define HAVE_STDIO_H 1
| #define HAVE_ERRNO_H 1
| #define HAVE_STDLIB_H 1
| #define HAVE_STDARG_H 1
| #define HAVE_SYS_TYPES_H 1
| #define HAVE_CTYPE_H 1
| #define HAVE_FCNTL_H 1
| #define HAVE_INTTYPES_H 1
| #define HAVE_LIMITS_H 1
| #define HAVE_ALLOCA_H 1
| #define HAVE_SYS_UN_H 1
| #define HAVE_STRINGS_H 1
| #define HAVE_UNISTD_H 1
| #define HAVE_STRING_H 1
| #define HAVE_ARPA_INET_H 1
| #define HAVE_SYS_SOCKET_H 1
| #define HAVE_SYS_MMAN_H 1
| #define HAVE_SYS_TIME_H 1
| #define HAVE_SYS_STAT_H 1
| #define HAVE_SYS_VFS_H 1
| #define HAVE_SIGNAL_H 1
| #define HAVE_POLL_H 1
| #define HAVE_NETDB_H 1
| #define HAVE_LINUX_NETLINK_H 1
| #define HAVE_LINUX_RTNETLINK_H 1
| #define HAVE_NET_IF_H 1
| #define HAVE_NETINET_IN_H 1
| #define HAVE_IFADDRS_H 1
| /* end confdefs.h.  */
| #include <sys/sockio.h>
configure:3948: result: no
configure:3948: checking for sys/sockio.h
configure:3948: result: no
configure:3964: checking for sqrtf in -lm
configure:3989: gcc -o conftest    conftest.c -lm   >&5
conftest.c:69:6: warning: conflicting types for built-in function 'sqrtf'
 char sqrtf ();
      ^
configure:3989: $? = 0
configure:3998: result: yes
configure:4004: checking for callrpc in -lnsl
configure:4029: gcc -o conftest    -lm conftest.c -lnsl   >&5
configure:4029: $? = 0
configure:4038: result: yes
configure:4044: checking for socket in -lsocket
configure:4069: gcc -o conftest    -lm -lnsl conftest.c -lsocket   >&5
/usr/bin/ld: cannot find -lsocket
collect2: error: ld returned 1 exit status
configure:4069: $? = 1
configure: failed program was:
| /* confdefs.h */
| #define PACKAGE_NAME "servalrpc"
| #define PACKAGE_TARNAME "servalrpc"
| #define PACKAGE_VERSION "0.1"
| #define PACKAGE_STRING "servalrpc 0.1"
| #define PACKAGE_BUGREPORT ""
| #define PACKAGE_URL ""
| #define HAVE_FUNC_ATTRIBUTE_ALIGNED 1
| #define HAVE_FUNC_ATTRIBUTE_ALLOC_SIZE 1
| #define HAVE_FUNC_ATTRIBUTE_ERROR 1
| #define HAVE_FUNC_ATTRIBUTE_FORMAT 1
| #define HAVE_FUNC_ATTRIBUTE_MALLOC 1
| #define HAVE_FUNC_ATTRIBUTE_UNUSED 1
| #define HAVE_FUNC_ATTRIBUTE_USED 1
| #define HAVE_VAR_ATTRIBUTE_SECTION 1
| #define HAVE_BCOPY 1
| #define HAVE_BZERO 1
| #define HAVE_BCMP 1
| #define STDC_HEADERS 1
| #define HAVE_SYS_TYPES_H 1
| #define HAVE_SYS_STAT_H 1
| #define HAVE_STDLIB_H 1
| #define HAVE_STRING_H 1
| #define HAVE_MEMORY_H 1
| #define HAVE_STRINGS_H 1
| #define HAVE_INTTYPES_H 1
| #define HAVE_STDINT_H 1
| #define HAVE_UNISTD_H 1
| #define SIZEOF_OFF_T 8
| #define HAVE_CURL_CURL_H 1
| #define HAVE_STDDEF_H 1
| #define HAVE_STDINT_H 1
| #define HAVE_STDIO_H 1
| #define HAVE_ERRNO_H 1
| #define HAVE_STDLIB_H 1
| #define HAVE_STDARG_H 1
| #define HAVE_SYS_TYPES_H 1
| #define HAVE_CTYPE_H 1
| #define HAVE_FCNTL_H 1
| #define HAVE_INTTYPES_H 1
| #define HAVE_LIMITS_H 1
| #define HAVE_ALLOCA_H 1
| #define HAVE_SYS_UN_H 1
| #define HAVE_STRINGS_H 1
| #define HAVE_UNISTD_H 1
| #define HAVE_STRING_H 1
| #define HAVE_ARPA_INET_H 1
| #define HAVE_SYS_SOCKET_H 1
| #define HAVE_SYS_MMAN_H 1
| #define HAVE_SYS_TIME_H 1
| #define HAVE_SYS_STAT_H 1
| #define HAVE_SYS_VFS_H 1
| #define HAVE_SIGNAL_H 1
| #define HAVE_POLL_H 1
| #define HAVE_NETDB_H 1
| #define HAVE_LINUX_NETLINK_H 1
| #define HAVE_LINUX_RTNETLINK_H 1
| #define HAVE_NET_IF_H 1
| #define HAVE_NETINET_IN_H 1
| #define HAVE_IFADDRS_H 1
| /* end confdefs.h.  */
| 
| /* Override any GCC internal prototype to avoid an error.
|    Use char because int might match the return type of a GCC
|    builtin and then its argument prototype would still apply.  */
| #ifdef __cplusplus
| extern "C"
| #endif
| char socket ();
| int
| main ()
| {
| return socket ();
|   ;
|   return 0;
| }
configure:4078: result: no
configure:4084: checking for dlopen in -ldl
configure:4109: gcc -o conftest    -lm -lnsl conftest.c -ldl   >&5
configure:4109: $? = 0
configure:4118: result: yes
configure:4125: checking linker -z relro option
configure:4132: gcc -v --help 2>&1 | grep z relro 1>&5
  -z relro                    Create RELRO program header
  -z relro                    Create RELRO program header
  -z relro                    Create RELRO program header
  -z relro                    Create RELRO program header
  -z relro                    Create RELRO program header
configure:4135: $? = 0
configure:4139: gcc -Wl,--verbose 2>&1 | grep DATA_SEGMENT_RELRO_END 1>&5
  . = DATA_SEGMENT_RELRO_END (SIZEOF (.got.plt) >= 24 ? 24 : 0, .);
configure:4142: $? = 0
configure:4153: result: yes
configure:4156: checking for SSP support
configure:4179: gcc -c  -fstack-protector --param=ssp-buffer-size=4  conftest.c >&5
configure:4179: $? = 0
configure:4192: gcc -o conftest  -fstack-protector --param=ssp-buffer-size=4   -lm -lnsl -ldl -Wl,-z,relro conftest.c  >&5
configure:4192: $? = 0
configure:4204: result: yes
configure:4369: creating ./config.status

## ---------------------- ##
## Running config.status. ##
## ---------------------- ##

This file was extended by servalrpc config.status 0.1, which was
generated by GNU Autoconf 2.69.  Invocation command line was

  CONFIG_FILES    = 
  CONFIG_HEADERS  = 
  CONFIG_LINKS    = 
  CONFIG_COMMANDS = 
  $ ./config.status 

on vdebian-artur

config.status:730: creating Makefile

## ---------------- ##
## Cache variables. ##
## ---------------- ##

ac_cv_c_compiler_gnu=yes
ac_cv_env_CC_set=
ac_cv_env_CC_value=
ac_cv_env_CFLAGS_set=
ac_cv_env_CFLAGS_value=
ac_cv_env_CPPFLAGS_set=
ac_cv_env_CPPFLAGS_value=
ac_cv_env_CPP_set=
ac_cv_env_CPP_value=
ac_cv_env_LDFLAGS_set=
ac_cv_env_LDFLAGS_value=
ac_cv_env_LIBS_set=
ac_cv_env_LIBS_value=
ac_cv_env_build_alias_set=
ac_cv_env_build_alias_value=
ac_cv_env_host_alias_set=
ac_cv_env_host_alias_value=
ac_cv_env_target_alias_set=
ac_cv_env_target_alias_value=
ac_cv_func_bcmp=yes
ac_cv_func_bcopy=yes
ac_cv_func_bzero=yes
ac_cv_header_alloca_h=yes
ac_cv_header_arpa_inet_h=yes
ac_cv_header_ctype_h=yes
ac_cv_header_curl_curl_h=yes
ac_cv_header_errno_h=yes
ac_cv_header_fcntl_h=yes
ac_cv_header_ifaddrs_h=yes
ac_cv_header_inttypes_h=yes
ac_cv_header_jni_h=no
ac_cv_header_limits_h=yes
ac_cv_header_linux_if_h=no
ac_cv_header_linux_netlink_h=yes
ac_cv_header_linux_rtnetlink_h=yes
ac_cv_header_memory_h=yes
ac_cv_header_net_if_h=yes
ac_cv_header_netdb_h=yes
ac_cv_header_netinet_in_h=yes
ac_cv_header_poll_h=yes
ac_cv_header_signal_h=yes
ac_cv_header_stdarg_h=yes
ac_cv_header_stdc=yes
ac_cv_header_stddef_h=yes
ac_cv_header_stdint_h=yes
ac_cv_header_stdio_h=yes
ac_cv_header_stdlib_h=yes
ac_cv_header_string_h=yes
ac_cv_header_strings_h=yes
ac_cv_header_sys_mman_h=yes
ac_cv_header_sys_socket_h=yes
ac_cv_header_sys_sockio_h=no
ac_cv_header_sys_stat_h=yes
ac_cv_header_sys_time_h=yes
ac_cv_header_sys_types_h=yes
ac_cv_header_sys_ucred_h=no
ac_cv_header_sys_un_h=yes
ac_cv_header_sys_vfs_h=yes
ac_cv_header_ucred_h=no
ac_cv_header_unistd_h=yes
ac_cv_lib_dl_dlopen=yes
ac_cv_lib_m_sqrtf=yes
ac_cv_lib_nsl_callrpc=yes
ac_cv_lib_socket_socket=no
ac_cv_objext=o
ac_cv_path_EGREP='/bin/grep -E'
ac_cv_path_GREP=/bin/grep
ac_cv_prog_CPP='gcc -E'
ac_cv_prog_ac_ct_CC=gcc
ac_cv_prog_cc_c89=
ac_cv_prog_cc_g=yes
ac_cv_sizeof_off_t=8
ax_cv_have_func_attribute_aligned=yes
ax_cv_have_func_attribute_alloc_size=yes
ax_cv_have_func_attribute_error=yes
ax_cv_have_func_attribute_format=yes
ax_cv_have_func_attribute_malloc=yes
ax_cv_have_func_attribute_unused=yes
ax_cv_have_func_attribute_used=yes
ax_cv_have_var_attribute_section=yes
libc_cv_z_relro=yes

## ----------------- ##
## Output variables. ##
## ----------------- ##

CC='gcc'
CFLAGS=' -fstack-protector --param=ssp-buffer-size=4'
CPP='gcc -E'
CPPFLAGS=''
DEFS='-DPACKAGE_NAME=\"servalrpc\" -DPACKAGE_TARNAME=\"servalrpc\" -DPACKAGE_VERSION=\"0.1\" -DPACKAGE_STRING=\"servalrpc\ 0.1\" -DPACKAGE_BUGREPORT=\"\" -DPACKAGE_URL=\"\" -DHAVE_FUNC_ATTRIBUTE_ALIGNED=1 -DHAVE_FUNC_ATTRIBUTE_ALLOC_SIZE=1 -DHAVE_FUNC_ATTRIBUTE_ERROR=1 -DHAVE_FUNC_ATTRIBUTE_FORMAT=1 -DHAVE_FUNC_ATTRIBUTE_MALLOC=1 -DHAVE_FUNC_ATTRIBUTE_UNUSED=1 -DHAVE_FUNC_ATTRIBUTE_USED=1 -DHAVE_VAR_ATTRIBUTE_SECTION=1 -DHAVE_BCOPY=1 -DHAVE_BZERO=1 -DHAVE_BCMP=1 -DSTDC_HEADERS=1 -DHAVE_SYS_TYPES_H=1 -DHAVE_SYS_STAT_H=1 -DHAVE_STDLIB_H=1 -DHAVE_STRING_H=1 -DHAVE_MEMORY_H=1 -DHAVE_STRINGS_H=1 -DHAVE_INTTYPES_H=1 -DHAVE_STDINT_H=1 -DHAVE_UNISTD_H=1 -DSIZEOF_OFF_T=8 -DHAVE_CURL_CURL_H=1 -DHAVE_STDDEF_H=1 -DHAVE_STDINT_H=1 -DHAVE_STDIO_H=1 -DHAVE_ERRNO_H=1 -DHAVE_STDLIB_H=1 -DHAVE_STDARG_H=1 -DHAVE_SYS_TYPES_H=1 -DHAVE_CTYPE_H=1 -DHAVE_FCNTL_H=1 -DHAVE_INTTYPES_H=1 -DHAVE_LIMITS_H=1 -DHAVE_ALLOCA_H=1 -DHAVE_SYS_UN_H=1 -DHAVE_STRINGS_H=1 -DHAVE_UNISTD_H=1 -DHAVE_STRING_H=1 -DHAVE_ARPA_INET_H=1 -DHAVE_SYS_SOCKET_H=1 -DHAVE_SYS_MMAN_H=1 -DHAVE_SYS_TIME_H=1 -DHAVE_SYS_STAT_H=1 -DHAVE_SYS_VFS_H=1 -DHAVE_SIGNAL_H=1 -DHAVE_POLL_H=1 -DHAVE_NETDB_H=1 -DHAVE_LINUX_NETLINK_H=1 -DHAVE_LINUX_RTNETLINK_H=1 -DHAVE_NET_IF_H=1 -DHAVE_NETINET_IN_H=1 -DHAVE_IFADDRS_H=1'
ECHO_C=''
ECHO_N='-n'
ECHO_T=''
EGREP='/bin/grep -E'
EXEEXT=''
GREP='/bin/grep'
HAVE_SSP='1'
LDFLAGS=' -lm -lnsl -ldl -Wl,-z,relro'
LIBOBJS=''
LIBS=''
LTLIBOBJS=''
OBJEXT='o'
PACKAGE_BUGREPORT=''
PACKAGE_NAME='servalrpc'
PACKAGE_STRING='servalrpc 0.1'
PACKAGE_TARNAME='servalrpc'
PACKAGE_URL=''
PACKAGE_VERSION='0.1'
PATH_SEPARATOR=':'
SHELL='/bin/bash'
ac_ct_CC='gcc'
bindir='${exec_prefix}/bin'
build_alias=''
datadir='${datarootdir}'
datarootdir='${prefix}/share'
docdir='${datarootdir}/doc/${PACKAGE_TARNAME}'
dvidir='${docdir}'
exec_prefix='${prefix}'
host_alias=''
htmldir='${docdir}'
includedir='${prefix}/include'
infodir='${datarootdir}/info'
libdir='${exec_prefix}/lib'
libexecdir='${exec_prefix}/libexec'
localedir='${datarootdir}/locale'
localstatedir='${prefix}/var'
mandir='${datarootdir}/man'
oldincludedir='/usr/include'
pdfdir='${docdir}'
prefix='/usr/local'
program_transform_name='s,x,x,'
psdir='${docdir}'
sbindir='${exec_prefix}/sbin'
sharedstatedir='${prefix}/com'
sysconfdir='${prefix}/etc'
target_alias=''

## ----------- ##
## confdefs.h. ##
## ----------- ##

/* confdefs.h */
#define PACKAGE_NAME "servalrpc"
#define PACKAGE_TARNAME "servalrpc"
#define PACKAGE_VERSION "0.1"
#define PACKAGE_STRING "servalrpc 0.1"
#define PACKAGE_BUGREPORT ""
#define PACKAGE_URL ""
#define HAVE_FUNC_ATTRIBUTE_ALIGNED 1
#define HAVE_FUNC_ATTRIBUTE_ALLOC_SIZE 1
#define HAVE_FUNC_ATTRIBUTE_ERROR 1
#define HAVE_FUNC_ATTRIBUTE_FORMAT 1
#define HAVE_FUNC_ATTRIBUTE_MALLOC 1
#define HAVE_FUNC_ATTRIBUTE_UNUSED 1
#define HAVE_FUNC_ATTRIBUTE_USED 1
#define HAVE_VAR_ATTRIBUTE_SECTION 1
#define HAVE_BCOPY 1
#define HAVE_BZERO 1
#define HAVE_BCMP 1
#define STDC_HEADERS 1
#define HAVE_SYS_TYPES_H 1
#define HAVE_SYS_STAT_H 1
#define HAVE_STDLIB_H 1
#define HAVE_STRING_H 1
#define HAVE_MEMORY_H 1
#define HAVE_STRINGS_H 1
#define HAVE_INTTYPES_H 1
#define HAVE_STDINT_H 1
#define HAVE_UNISTD_H 1
#define SIZEOF_OFF_T 8
#define HAVE_CURL_CURL_H 1
#define HAVE_STDDEF_H 1
#define HAVE_STDINT_H 1
#define HAVE_STDIO_H 1
#define HAVE_ERRNO_H 1
#define HAVE_STDLIB_H 1
#define HAVE_STDARG_H 1
#define HAVE_SYS_TYPES_H 1
#define HAVE_CTYPE_H 1
#define HAVE_FCNTL_H 1
#define HAVE_INTTYPES_H 1
#define HAVE_LIMITS_H 1
#define HAVE_ALLOCA_H 1
#define HAVE_SYS_UN_H 1
#define HAVE_STRINGS_H 1
#define HAVE_UNISTD_H 1
#define HAVE_STRING_H 1
#define HAVE_ARPA_INET_H 1
#define HAVE_SYS_SOCKET_H 1
#define HAVE_SYS_MMAN_H 1
#define HAVE_SYS_TIME_H 1
#define HAVE_SYS_STAT_H 1
#define HAVE_SYS_VFS_H 1
#define HAVE_SIGNAL_H 1
#define HAVE_POLL_H 1
#define HAVE_NETDB_H 1
#define HAVE_LINUX_NETLINK_H 1
#define HAVE_LINUX_RTNETLINK_H 1
#define HAVE_NET_IF_H 1
#define HAVE_NETINET_IN_H 1
#define HAVE_IFADDRS_H 1

configure: exit 0
